<?xml version="1.0" encoding="UTF-8"?>
<!-- Generated by org.testng.reporters.JUnitReportReporter -->
<testsuite hostname="jk" failures="0" tests="1" name="com.actitime.testscript.CreateModule" time="0.016" errors="0" timestamp="2023-06-05T13:01:35 IST" skipped="0">
  <testcase classname="com.actitime.testscript.CreateModule" name="testcreatemodule" time="0.016"/>
  <system-out>
    <![CDATA[createmodule]]>
  </system-out>
</testsuite> <!-- com.actitime.testscript.CreateModule -->
